<?xml version="1.0" encoding="UTF-8"?>
<testng-results ignored="0" total="1" passed="1" failed="0" skipped="0">
  <reporter-output>
  </reporter-output>
  <suite started-at="2023-03-31T21:40:38 BDT" name="Default suite" finished-at="2023-03-31T21:41:52 BDT" duration-ms="74100">
    <groups>
    </groups>
    <test started-at="2023-03-31T21:40:38 BDT" name="Default test" finished-at="2023-03-31T21:41:52 BDT" duration-ms="74100">
      <class name="testcases.TestPages">
        <test-method is-config="true" signature="setBrowser()[pri:0, instance:testcases.TestPages@359df09a]" started-at="2023-03-31T21:40:38 BDT" name="setBrowser" finished-at="2023-03-31T21:40:42 BDT" duration-ms="4175" status="PASS">
          <reporter-output>
          </reporter-output>
        </test-method> <!-- setBrowser -->
        <test-method signature="TestallPages()[pri:0, instance:testcases.TestPages@359df09a]" started-at="2023-03-31T21:40:42 BDT" name="TestallPages" description="TestallPages" finished-at="2023-03-31T21:41:51 BDT" duration-ms="69249" status="PASS">
          <reporter-output>
          </reporter-output>
        </test-method> <!-- TestallPages -->
        <test-method is-config="true" signature="quitBrowser()[pri:0, instance:testcases.TestPages@359df09a]" started-at="2023-03-31T21:41:51 BDT" name="quitBrowser" finished-at="2023-03-31T21:41:52 BDT" duration-ms="419" status="PASS">
          <reporter-output>
          </reporter-output>
        </test-method> <!-- quitBrowser -->
      </class> <!-- testcases.TestPages -->
    </test> <!-- Default test -->
  </suite> <!-- Default suite -->
</testng-results>
